Added Component: Designator=D1(DIOM7959X265N)
Add component (AddParameter): Name = "Check_prices"; Value = "https://www.snapeda.com/parts/SS34/Onsemi/view-part/?ref=eda"; VariantName = "[No Variations]"
Add component (AddParameter): Name = "MF"; Value = "onsemi"; VariantName = "[No Variations]"
Add component (AddParameter): Name = "MP"; Value = "SS34"; VariantName = "[No Variations]"
Add component (AddParameter): Name = "Package"; Value = "SMC-2 ON Semiconductor"; VariantName = "[No Variations]"
Add component (AddParameter): Name = "SnapEDA_Link"; Value = "https://www.snapeda.com/parts/SS34/Onsemi/view-part/?ref=snap"; VariantName = "[No Variations]"
Add component (AddParameter): Name = "Value"; Value = ""; VariantName = "[No Variations]"
Added Component: Designator=P0(PCB_Pin_1)
Added Component: Designator=P1(PCB_Pin_1)
Added Component: Designator=P2(PCB_Pin_1)
Added Component: Designator=P3(PCB_Pin_1)
Added Component: Designator=P4(PCB_Pin_1)
Added Component: Designator=P5(PCB_Pin_1)
Added Component: Designator=P6(PCB_Pin_1)
Added Component: Designator=P7(PCB_Pin_1)
Added Component: Designator=P8(PCB_Pin_1)
Added Component: Designator=P9(PCB_Pin_1)
Added Component: Designator=P10(PCB_Pin_1)
Added Component: Designator=P11(PCB_Pin_1)
Added Component: Designator=U1(PCB_XY-MC10)
Added Component: Designator=U2(2)(SOT229P700X180-4N)
Add component (AddParameter): Name = "Availability"; Value = "Not in stock"; VariantName = "[No Variations]"
Add component (AddParameter): Name = "Check_prices"; Value = "https://www.snapeda.com/parts/AMS1117-5.0/ams/view-part/?ref=eda"; VariantName = "[No Variations]"
Add component (AddParameter): Name = "MF"; Value = "ams"; VariantName = "[No Variations]"
Add component (AddParameter): Name = "MP"; Value = "AMS1117-5.0"; VariantName = "[No Variations]"
Add component (AddParameter): Name = "Package"; Value = "SOT-223 Seeed Technology"; VariantName = "[No Variations]"
Add component (AddParameter): Name = "Price"; Value = "None"; VariantName = "[No Variations]"
Add component (AddParameter): Name = "SnapEDA_Link"; Value = "https://www.snapeda.com/parts/AMS1117-5.0/ams/view-part/?ref=snap"; VariantName = "[No Variations]"
Add component (AddParameter): Name = "Value"; Value = ""; VariantName = "[No Variations]"
Added Component: Designator=U3(2)(XCVR_NRF24L01P-MODULE-PCB)
Add component (AddParameter): Name = "Availability"; Value = "Bad"; VariantName = "[No Variations]"
Add component (AddParameter): Name = "MF"; Value = "Nordic Semiconductor"; VariantName = "[No Variations]"
Add component (AddParameter): Name = "Mouser-Purchase-URL"; Value = "https://snapeda.com/shop?store=Mouser&id=230534"; VariantName = "[No Variations]"
Add component (AddParameter): Name = "MP"; Value = "NRF24L01P-MODULE-PCB"; VariantName = "[No Variations]"
Add component (AddParameter): Name = "Package"; Value = "None"; VariantName = "[No Variations]"
Add component (AddParameter): Name = "Price"; Value = "None"; VariantName = "[No Variations]"
Add component (AddParameter): Name = "SnapEDA_Link"; Value = "https://www.snapeda.com/parts/NRF24L01P-MODULE-PCB/Nordic%20Semiconductor%20ASA/view-part/230534/?ref=snap"; VariantName = "[No Variations]"
Add component (AddParameter): Name = "Value"; Value = ""; VariantName = "[No Variations]"
Added Component: Designator=U(1)2(PCB_ATMega328p)
Added Component: Designator=VR1(DC-DC Step-Down Footprint)
Added Pin To Net: NetName=NetD1_A Pin=D1-A
Added Pin To Net: NetName=NetD1_A Pin=P0-0
Added Net: Name=NetD1_A
Added Pin To Net: NetName=NetD1_C Pin=D1-C
Added Pin To Net: NetName=NetD1_C Pin=VR1-1
Added Net: Name=NetD1_C
Added Pin To Net: NetName=NetP1_0 Pin=P1-0
Added Pin To Net: NetName=NetP1_0 Pin=VR1-0
Added Net: Name=NetP1_0
Added Pin To Net: NetName=NetP2_0 Pin=P2-0
Added Pin To Net: NetName=NetP2_0 Pin=U1-2
Added Net: Name=NetP2_0
Added Pin To Net: NetName=NetP3_0 Pin=P3-0
Added Pin To Net: NetName=NetP3_0 Pin=U1-3
Added Net: Name=NetP3_0
Added Pin To Net: NetName=NetP4_0 Pin=P4-0
Added Pin To Net: NetName=NetP4_0 Pin=U1-4
Added Net: Name=NetP4_0
Added Pin To Net: NetName=NetP5_0 Pin=P5-0
Added Pin To Net: NetName=NetP5_0 Pin=U1-6
Added Net: Name=NetP5_0
Added Pin To Net: NetName=NetP6_0 Pin=P6-0
Added Pin To Net: NetName=NetP6_0 Pin=U1-5
Added Net: Name=NetP6_0
Added Pin To Net: NetName=NetP7_0 Pin=P7-0
Added Pin To Net: NetName=NetP7_0 Pin=U1-1
Added Pin To Net: NetName=NetP7_0 Pin=VR1-2
Added Net: Name=NetP7_0
Added Pin To Net: NetName=NetP8_0 Pin=P8-0
Added Pin To Net: NetName=NetP8_0 Pin=U2(2)-3
Added Pin To Net: NetName=NetP8_0 Pin=U(1)2-0
Added Net: Name=NetP8_0
Added Pin To Net: NetName=NetP9_0 Pin=P9-0
Added Pin To Net: NetName=NetP9_0 Pin=U2(2)-1
Added Pin To Net: NetName=NetP9_0 Pin=U3(2)-1
Added Pin To Net: NetName=NetP9_0 Pin=U(1)2-1
Added Net: Name=NetP9_0
Added Pin To Net: NetName=NetP10_0 Pin=P10-0
Added Pin To Net: NetName=NetP10_0 Pin=U(1)2-24
Added Net: Name=NetP10_0
Added Pin To Net: NetName=NetP11_0 Pin=P11-0
Added Pin To Net: NetName=NetP11_0 Pin=U(1)2-22
Added Net: Name=NetP11_0
Added Pin To Net: NetName=NetU1_0 Pin=U1-0
Added Pin To Net: NetName=NetU1_0 Pin=VR1-3
Added Net: Name=NetU1_0
Added Pin To Net: NetName=NetU2(2)_2 Pin=U2(2)-2
Added Pin To Net: NetName=NetU2(2)_2 Pin=U3(2)-2
Added Net: Name=NetU2(2)_2
Added Pin To Net: NetName=NetU3(2)_3 Pin=U3(2)-3
Added Pin To Net: NetName=NetU3(2)_3 Pin=U(1)2-18
Added Net: Name=NetU3(2)_3
Added Pin To Net: NetName=NetU3(2)_4 Pin=U3(2)-4
Added Pin To Net: NetName=NetU3(2)_4 Pin=U(1)2-17
Added Net: Name=NetU3(2)_4
Added Pin To Net: NetName=NetU3(2)_5 Pin=U3(2)-5
Added Pin To Net: NetName=NetU3(2)_5 Pin=U(1)2-14
Added Net: Name=NetU3(2)_5
Added Pin To Net: NetName=NetU3(2)_6 Pin=U3(2)-6
Added Pin To Net: NetName=NetU3(2)_6 Pin=U(1)2-16
Added Net: Name=NetU3(2)_6
Added Pin To Net: NetName=NetU3(2)_7 Pin=U3(2)-7
Added Pin To Net: NetName=NetU3(2)_7 Pin=U(1)2-15
Added Net: Name=NetU3(2)_7
Added Member To Class: ClassName=board_Two Member=Component P8 PIN_1
Added Member To Class: ClassName=board_Two Member=Component P9 PIN_1
Added Member To Class: ClassName=board_Two Member=Component P10 PIN_1
Added Member To Class: ClassName=board_Two Member=Component P11 PIN_1
Added Member To Class: ClassName=board_Two Member=Component U2(2) AMS1117-5.0
Added Member To Class: ClassName=board_Two Member=Component U3(2) NRF24L01P-MODULE-PCB
Added Member To Class: ClassName=board_Two Member=Component U(1)2 ATMega328p
