Added Component: Designator=P8(PCB_Pin_1)
Added Component: Designator=P9(PCB_Pin_1)
Added Component: Designator=P10(PCB_Pin_1)
Added Component: Designator=P11(PCB_Pin_1)
Added Component: Designator=U2(2)(SOT229P700X180-4N)
Add component (AddParameter): Name = "Availability"; Value = "Not in stock"; VariantName = "[No Variations]"
Add component (AddParameter): Name = "Check_prices"; Value = "https://www.snapeda.com/parts/AMS1117-5.0/ams/view-part/?ref=eda"; VariantName = "[No Variations]"
Add component (AddParameter): Name = "MF"; Value = "ams"; VariantName = "[No Variations]"
Add component (AddParameter): Name = "MP"; Value = "AMS1117-5.0"; VariantName = "[No Variations]"
Add component (AddParameter): Name = "Package"; Value = "SOT-223 Seeed Technology"; VariantName = "[No Variations]"
Add component (AddParameter): Name = "Price"; Value = "None"; VariantName = "[No Variations]"
Add component (AddParameter): Name = "SnapEDA_Link"; Value = "https://www.snapeda.com/parts/AMS1117-5.0/ams/view-part/?ref=snap"; VariantName = "[No Variations]"
Add component (AddParameter): Name = "Value"; Value = ""; VariantName = "[No Variations]"
Added Component: Designator=U(1)2(PCB_ATMega328p)
Added Component: Designator=U(XCVR_NRF24L01P-MODULE-PCB)
Add component (AddParameter): Name = "Availability"; Value = "Bad"; VariantName = "[No Variations]"
Add component (AddParameter): Name = "MF"; Value = "Nordic Semiconductor"; VariantName = "[No Variations]"
Add component (AddParameter): Name = "Mouser-Purchase-URL"; Value = "https://snapeda.com/shop?store=Mouser&id=230534"; VariantName = "[No Variations]"
Add component (AddParameter): Name = "MP"; Value = "NRF24L01P-MODULE-PCB"; VariantName = "[No Variations]"
Add component (AddParameter): Name = "Package"; Value = "None"; VariantName = "[No Variations]"
Add component (AddParameter): Name = "Price"; Value = "None"; VariantName = "[No Variations]"
Add component (AddParameter): Name = "SnapEDA_Link"; Value = "https://www.snapeda.com/parts/NRF24L01P-MODULE-PCB/Nordic%20Semiconductor%20ASA/view-part/230534/?ref=snap"; VariantName = "[No Variations]"
Add component (AddParameter): Name = "Value"; Value = ""; VariantName = "[No Variations]"
Added Pin To Net: NetName=NetP8_0 Pin=P8-0
Added Pin To Net: NetName=NetP8_0 Pin=U2(2)-3
Added Pin To Net: NetName=NetP8_0 Pin=U(1)2-0
Added Net: Name=NetP8_0
Added Pin To Net: NetName=NetP9_0 Pin=P9-0
Added Pin To Net: NetName=NetP9_0 Pin=U-1
Added Pin To Net: NetName=NetP9_0 Pin=U2(2)-1
Added Pin To Net: NetName=NetP9_0 Pin=U(1)2-1
Added Net: Name=NetP9_0
Added Pin To Net: NetName=NetP10_0 Pin=P10-0
Added Pin To Net: NetName=NetP10_0 Pin=U(1)2-24
Added Net: Name=NetP10_0
Added Pin To Net: NetName=NetP11_0 Pin=P11-0
Added Pin To Net: NetName=NetP11_0 Pin=U(1)2-22
Added Net: Name=NetP11_0
Added Pin To Net: NetName=NetU2(2)_2 Pin=U-2
Added Pin To Net: NetName=NetU2(2)_2 Pin=U2(2)-2
Added Net: Name=NetU2(2)_2
Added Pin To Net: NetName=NetU(1)2_14 Pin=U-5
Added Pin To Net: NetName=NetU(1)2_14 Pin=U(1)2-14
Added Net: Name=NetU(1)2_14
Added Pin To Net: NetName=NetU(1)2_15 Pin=U-7
Added Pin To Net: NetName=NetU(1)2_15 Pin=U(1)2-15
Added Net: Name=NetU(1)2_15
Added Pin To Net: NetName=NetU(1)2_16 Pin=U-6
Added Pin To Net: NetName=NetU(1)2_16 Pin=U(1)2-16
Added Net: Name=NetU(1)2_16
Added Pin To Net: NetName=NetU(1)2_17 Pin=U-4
Added Pin To Net: NetName=NetU(1)2_17 Pin=U(1)2-17
Added Net: Name=NetU(1)2_17
Added Pin To Net: NetName=NetU(1)2_18 Pin=U-3
Added Pin To Net: NetName=NetU(1)2_18 Pin=U(1)2-18
Added Net: Name=NetU(1)2_18
Added Class: Name=board_Two
